ideal-app/source/app/build/outputs/mapping/release/seeds.txt
io.github.waltermateus.twa.LauncherActivity
io.github.waltermateus.twa.DelegationService: DelegationService()
io.github.waltermateus.twa.DelegationService
io.github.waltermateus.twa.Application
io.github.waltermateus.twa.LauncherActivity: LauncherActivity()
io.github.waltermateus.twa.Application: Application()
...
androidx.annotation.Keep
androidx.core.app.RemoteActionCompat: RemoteActionCompat()
androidx.core.content.FileProvider
androidx.versionedparcelable.CustomVersionedParcelable
androidx.versionedparcelable.ParcelImpl
androidx.core.app.CoreComponentFactory: CoreComponentFactory()
com.google.androidbrowserhelper.trusted.DelegationService: DelegationService()
androidx.core.app.RemoteActionCompatParcelizer: void write(androidx.core.app.RemoteActionCompat,androidx.versionedparcelable.VersionedParcel)
androidx.core.graphics.drawable.IconCompatParcelizer
androidx.versionedparcelable.CustomVersionedParcelable: CustomVersionedParcelable()
com.google.androidbrowserhelper.trusted.WebViewFallbackActivity
androidx.core.graphics.drawable.IconCompatParcelizer: androidx.core.graphics.drawable.IconCompat read(androidx.versionedparcelable.VersionedParcel)
androidx.lifecycle.CompositeGeneratedAdaptersObserver
com.google.androidbrowserhelper.trusted.LauncherActivity: LauncherActivity()
androidx.core.app.CoreComponentFactory
com.google.androidbrowserhelper.trusted.FocusActivity: FocusActivity()
androidx.browser.browseractions.BrowserActionsFallbackMenuView: BrowserActionsFallbackMenuView(android.content.Context,android.util.AttributeSet)
com.google.androidbrowserhelper.trusted.ManageDataLauncherActivity: ManageDataLauncherActivity()
androidx.core.app.RemoteActionCompat
android.support.v4.app.RemoteActionCompatParcelizer
androidx.lifecycle.SingleGeneratedAdapterObserver
android.support.v4.app.RemoteActionCompatParcelizer: RemoteActionCompatParcelizer()
androidx.browser.browseractions.BrowserActionsFallbackMenuView
android.support.v4.graphics.drawable.IconCompatParcelizer: IconCompatParcelizer()
androidx.core.app.RemoteActionCompatParcelizer: RemoteActionCompatParcelizer()
android.support.v4.app.RemoteActionCompatParcelizer: androidx.core.app.RemoteActionCompat read(androidx.versionedparcelable.VersionedParcel)
android.support.v4.graphics.drawable.IconCompatParcelizer
androidx.core.app.RemoteActionCompatParcelizer
androidx.core.graphics.drawable.IconCompat: IconCompat()
com.google.androidbrowserhelper.trusted.WebViewFallbackActivity: WebViewFallbackActivity()
com.google.androidbrowserhelper.trusted.ManageDataLauncherActivity
android.support.v4.app.RemoteActionCompatParcelizer: void write(androidx.core.app.RemoteActionCompat,androidx.versionedparcelable.VersionedParcel)
android.support.v4.graphics.drawable.IconCompatParcelizer: androidx.core.graphics.drawable.IconCompat read(androidx.versionedparcelable.VersionedParcel)
androidx.core.content.FileProvider: FileProvider()
androidx.lifecycle.FullLifecycleObserverAdapter
androidx.core.graphics.drawable.IconCompat
androidx.core.app.RemoteActionCompatParcelizer: androidx.core.app.RemoteActionCompat read(androidx.versionedparcelable.VersionedParcel)
android.support.v4.graphics.drawable.IconCompatParcelizer: void write(androidx.core.graphics.drawable.IconCompat,androidx.versionedparcelable.VersionedParcel)
com.google.androidbrowserhelper.trusted.FocusActivity
androidx.versionedparcelable.ParcelImpl: android.os.Parcelable$Creator CREATOR
androidx.core.graphics.drawable.IconCompatParcelizer: void write(androidx.core.graphics.drawable.IconCompat,androidx.versionedparcelable.VersionedParcel)
androidx.lifecycle.ReflectiveGenericLifecycleObserver
androidx.core.graphics.drawable.IconCompatParcelizer: IconCompatParcelizer()
androidx.browser.trusted.TrustedWebActivityService: TrustedWebActivityService()