ideal-app/source/app/build/outputs/mapping/release/usage.txt
io.github.waltermateus.twa.R$color
io.github.waltermateus.twa.R$xml
io.github.waltermateus.twa.R$raw
io.github.waltermateus.twa.R$integer
io.github.waltermateus.twa.R$id
io.github.waltermateus.twa.R$dimen
io.github.waltermateus.twa.R$bool
io.github.waltermateus.twa.R$layout
io.github.waltermateus.twa.R
io.github.waltermateus.twa.R$string
io.github.waltermateus.twa.R$drawable
io.github.waltermateus.twa.BuildConfig
io.github.waltermateus.twa.R$style
io.github.waltermateus.twa.R$styleable
io.github.waltermateus.twa.R$attr
io.github.waltermateus.twa.R$mipmap
...
androidx.core.text.PrecomputedTextCompat$PrecomputedTextFutureTask
androidx.annotation.ContentView
androidx.core.view.accessibility.AccessibilityViewCommand$MoveHtmlArguments
androidx.core.content.res.FontResourcesParserCompat$ProviderResourceEntry
androidx.core.provider.FontsContractCompat$4$2
androidx.browser.trusted.NotificationApiHelperForO:
    private void <init>()
androidx.annotation.IntRange
androidx.browser.customtabs.CustomTabColorSchemeParams$Builder:
    public androidx.browser.customtabs.CustomTabColorSchemeParams$Builder setSecondaryToolbarColor(int)
androidx.browser.customtabs.CustomTabsSessionToken
androidx.collection.SimpleArrayMap:
    public void <init>(int)
    public void <init>(androidx.collection.SimpleArrayMap)
    public void putAll(androidx.collection.SimpleArrayMap)
    private static final boolean DEBUG
    private static final java.lang.String TAG
    private static final boolean CONCURRENT_MODIFICATION_EXCEPTIONS
    private static final int BASE_SIZE
    private static final int CACHE_SIZE
androidx.concurrent.futures.CallbackToFutureAdapter$Completer
androidx.core.graphics.TypefaceCompat
androidx.lifecycle.Lifecycle$Event
androidx.browser.customtabs.CustomTabsServiceConnection:
    android.content.Context getApplicationContext()
androidx.core.view.AccessibilityDelegateCompat$AccessibilityDelegateAdapter
androidx.core.text.BidiFormatter$DirectionalityEstimator
androidx.annotation.StringDef
androidx.core.graphics.TypefaceCompatUtil
androidx.browser.customtabs.CustomTabsSessionToken$MockCallback
androidx.concurrent.futures.AbstractResolvableFuture$1
androidx.versionedparcelable.ParcelUtils
androidx.core.text.util.LinkifyCompat$LinkifyMask
androidx.core.view.accessibility.AccessibilityEventCompat
androidx.core.accessibilityservice.AccessibilityServiceInfoCompat
androidx.interpolator.view.animation.LookupTableInterpolator
androidx.core.provider.FontsContractCompat$TypefaceResult
androidx.core.widget.ListViewCompat
androidx.core.content.res.FontResourcesParserCompat
androidx.core.R$dimen
androidx.browser.trusted.TrustedWebActivityIntentBuilder:
    public androidx.browser.trusted.TrustedWebActivityIntentBuilder setDefaultColorSchemeParams(androidx.browser.customtabs.CustomTabColorSchemeParams)
    public androidx.browser.trusted.TrustedWebActivityDisplayMode getDisplayMode()
    public static final java.lang.String EXTRA_SPLASH_SCREEN_PARAMS
    public static final java.lang.String EXTRA_ADDITIONAL_TRUSTED_ORIGINS
    public static final java.lang.String EXTRA_SHARE_TARGET
    public static final java.lang.String EXTRA_SHARE_DATA
    public static final java.lang.String EXTRA_DISPLAY_MODE
    public static final java.lang.String EXTRA_SCREEN_ORIENTATION
androidx.core.view.ViewCompat$FocusRealDirection
androidx.core.math.MathUtils
androidx.core.os.TraceCompat
androidx.core.app.ComponentActivity
androidx.core.app.JobIntentService$GenericWorkItem
androidx.browser.browseractions.BrowserActionsIntent$BrowserActionsFallDialogListener
androidx.core.view.ScrollingView